2017-11-08 17:56:58 INFO  Class:44 - USer navigates to URL - https://cdn-qa.remedypartners.com/
2017-11-08 17:57:01 INFO  Class:25 - User logs in with Username - lbarinstein+qaadmin@remedypartners.com and password - Testing1
2017-11-08 17:57:09 INFO  Class:80 - User switched to new window
2017-11-08 17:58:01 INFO  Class:55 - User quits the driver and closes the browser
2017-11-08 17:58:01 DEBUG cache:45 - Couldn't find template in cache for "index.ftl"("en_GB", UTF-8, parsed); will try to load it.
2017-11-08 17:58:01 DEBUG cache:45 - TemplateLoader.findTemplateSource("index_en_GB.ftl"): Not found
2017-11-08 17:58:01 DEBUG cache:45 - TemplateLoader.findTemplateSource("index_en.ftl"): Not found
2017-11-08 17:58:01 DEBUG cache:45 - TemplateLoader.findTemplateSource("index.ftl"): Found
2017-11-08 17:58:01 DEBUG cache:45 - Loading template for "index.ftl"("en_GB", UTF-8, parsed) from "jar:file:/C:/Users/sl.reddy/.m2/repository/com/aventstack/extentreports/3.0.2/extentreports-3.0.2.jar!/com/aventstack/extentreports/view/html-report/index.ftl"
2017-11-08 17:58:02 DEBUG cache:45 - Couldn't find template in cache for "head.ftl"("en_GB", UTF-8, parsed); will try to load it.
2017-11-08 17:58:02 DEBUG cache:45 - TemplateLoader.findTemplateSource("head_en_GB.ftl"): Not found
2017-11-08 17:58:02 DEBUG cache:45 - TemplateLoader.findTemplateSource("head_en.ftl"): Not found
2017-11-08 17:58:02 DEBUG cache:45 - TemplateLoader.findTemplateSource("head.ftl"): Found
2017-11-08 17:58:02 DEBUG cache:45 - Loading template for "head.ftl"("en_GB", UTF-8, parsed) from "jar:file:/C:/Users/sl.reddy/.m2/repository/com/aventstack/extentreports/3.0.2/extentreports-3.0.2.jar!/com/aventstack/extentreports/view/html-report/head.ftl"
2017-11-08 17:58:02 DEBUG cache:45 - Couldn't find template in cache for "nav.ftl"("en_GB", UTF-8, parsed); will try to load it.
2017-11-08 17:58:02 DEBUG cache:45 - TemplateLoader.findTemplateSource("nav_en_GB.ftl"): Not found
2017-11-08 17:58:02 DEBUG cache:45 - TemplateLoader.findTemplateSource("nav_en.ftl"): Not found
2017-11-08 17:58:02 DEBUG cache:45 - TemplateLoader.findTemplateSource("nav.ftl"): Found
2017-11-08 17:58:02 DEBUG cache:45 - Loading template for "nav.ftl"("en_GB", UTF-8, parsed) from "jar:file:/C:/Users/sl.reddy/.m2/repository/com/aventstack/extentreports/3.0.2/extentreports-3.0.2.jar!/com/aventstack/extentreports/view/html-report/nav.ftl"
2017-11-08 17:58:02 DEBUG cache:45 - Couldn't find template in cache for "test-view/test-view.ftl"("en_GB", UTF-8, parsed); will try to load it.
2017-11-08 17:58:02 DEBUG cache:45 - TemplateLoader.findTemplateSource("test-view/test-view_en_GB.ftl"): Not found
2017-11-08 17:58:02 DEBUG cache:45 - TemplateLoader.findTemplateSource("test-view/test-view_en.ftl"): Not found
2017-11-08 17:58:02 DEBUG cache:45 - TemplateLoader.findTemplateSource("test-view/test-view.ftl"): Found
2017-11-08 17:58:02 DEBUG cache:45 - Loading template for "test-view/test-view.ftl"("en_GB", UTF-8, parsed) from "jar:file:/C:/Users/sl.reddy/.m2/repository/com/aventstack/extentreports/3.0.2/extentreports-3.0.2.jar!/com/aventstack/extentreports/view/html-report/test-view/test-view.ftl"
2017-11-08 17:58:02 DEBUG cache:45 - Couldn't find template in cache for "test-view/test-view-charts.ftl"("en_GB", UTF-8, parsed); will try to load it.
2017-11-08 17:58:02 DEBUG cache:45 - TemplateLoader.findTemplateSource("test-view/test-view-charts_en_GB.ftl"): Not found
2017-11-08 17:58:02 DEBUG cache:45 - TemplateLoader.findTemplateSource("test-view/test-view-charts_en.ftl"): Not found
2017-11-08 17:58:02 DEBUG cache:45 - TemplateLoader.findTemplateSource("test-view/test-view-charts.ftl"): Found
2017-11-08 17:58:02 DEBUG cache:45 - Loading template for "test-view/test-view-charts.ftl"("en_GB", UTF-8, parsed) from "jar:file:/C:/Users/sl.reddy/.m2/repository/com/aventstack/extentreports/3.0.2/extentreports-3.0.2.jar!/com/aventstack/extentreports/view/html-report/test-view/test-view-charts.ftl"
2017-11-08 17:58:02 DEBUG cache:45 - Couldn't find template in cache for "test-view/standard.ftl"("en_GB", UTF-8, parsed); will try to load it.
2017-11-08 17:58:02 DEBUG cache:45 - TemplateLoader.findTemplateSource("test-view/standard_en_GB.ftl"): Not found
2017-11-08 17:58:02 DEBUG cache:45 - TemplateLoader.findTemplateSource("test-view/standard_en.ftl"): Not found
2017-11-08 17:58:02 DEBUG cache:45 - TemplateLoader.findTemplateSource("test-view/standard.ftl"): Found
2017-11-08 17:58:02 DEBUG cache:45 - Loading template for "test-view/standard.ftl"("en_GB", UTF-8, parsed) from "jar:file:/C:/Users/sl.reddy/.m2/repository/com/aventstack/extentreports/3.0.2/extentreports-3.0.2.jar!/com/aventstack/extentreports/view/html-report/test-view/standard.ftl"
2017-11-08 17:58:02 DEBUG cache:45 - Couldn't find template in cache for "category-view/category-view.ftl"("en_GB", UTF-8, parsed); will try to load it.
2017-11-08 17:58:02 DEBUG cache:45 - TemplateLoader.findTemplateSource("category-view/category-view_en_GB.ftl"): Not found
2017-11-08 17:58:02 DEBUG cache:45 - TemplateLoader.findTemplateSource("category-view/category-view_en.ftl"): Not found
2017-11-08 17:58:02 DEBUG cache:45 - TemplateLoader.findTemplateSource("category-view/category-view.ftl"): Found
2017-11-08 17:58:02 DEBUG cache:45 - Loading template for "category-view/category-view.ftl"("en_GB", UTF-8, parsed) from "jar:file:/C:/Users/sl.reddy/.m2/repository/com/aventstack/extentreports/3.0.2/extentreports-3.0.2.jar!/com/aventstack/extentreports/view/html-report/category-view/category-view.ftl"
2017-11-08 17:58:02 DEBUG cache:45 - Couldn't find template in cache for "exception-view/exception-view.ftl"("en_GB", UTF-8, parsed); will try to load it.
2017-11-08 17:58:02 DEBUG cache:45 - TemplateLoader.findTemplateSource("exception-view/exception-view_en_GB.ftl"): Not found
2017-11-08 17:58:02 DEBUG cache:45 - TemplateLoader.findTemplateSource("exception-view/exception-view_en.ftl"): Not found
2017-11-08 17:58:02 DEBUG cache:45 - TemplateLoader.findTemplateSource("exception-view/exception-view.ftl"): Found
2017-11-08 17:58:02 DEBUG cache:45 - Loading template for "exception-view/exception-view.ftl"("en_GB", UTF-8, parsed) from "jar:file:/C:/Users/sl.reddy/.m2/repository/com/aventstack/extentreports/3.0.2/extentreports-3.0.2.jar!/com/aventstack/extentreports/view/html-report/exception-view/exception-view.ftl"
2017-11-08 17:58:02 DEBUG cache:45 - Couldn't find template in cache for "dashboard-view/dashboard-view.ftl"("en_GB", UTF-8, parsed); will try to load it.
2017-11-08 17:58:02 DEBUG cache:45 - TemplateLoader.findTemplateSource("dashboard-view/dashboard-view_en_GB.ftl"): Not found
2017-11-08 17:58:02 DEBUG cache:45 - TemplateLoader.findTemplateSource("dashboard-view/dashboard-view_en.ftl"): Not found
2017-11-08 17:58:02 DEBUG cache:45 - TemplateLoader.findTemplateSource("dashboard-view/dashboard-view.ftl"): Found
2017-11-08 17:58:02 DEBUG cache:45 - Loading template for "dashboard-view/dashboard-view.ftl"("en_GB", UTF-8, parsed) from "jar:file:/C:/Users/sl.reddy/.m2/repository/com/aventstack/extentreports/3.0.2/extentreports-3.0.2.jar!/com/aventstack/extentreports/view/html-report/dashboard-view/dashboard-view.ftl"
2017-11-08 17:58:02 DEBUG cache:45 - Couldn't find template in cache for "logs-view/testrunner-logs-view.ftl"("en_GB", UTF-8, parsed); will try to load it.
2017-11-08 17:58:02 DEBUG cache:45 - TemplateLoader.findTemplateSource("logs-view/testrunner-logs-view_en_GB.ftl"): Not found
2017-11-08 17:58:02 DEBUG cache:45 - TemplateLoader.findTemplateSource("logs-view/testrunner-logs-view_en.ftl"): Not found
2017-11-08 17:58:02 DEBUG cache:45 - TemplateLoader.findTemplateSource("logs-view/testrunner-logs-view.ftl"): Found
2017-11-08 17:58:02 DEBUG cache:45 - Loading template for "logs-view/testrunner-logs-view.ftl"("en_GB", UTF-8, parsed) from "jar:file:/C:/Users/sl.reddy/.m2/repository/com/aventstack/extentreports/3.0.2/extentreports-3.0.2.jar!/com/aventstack/extentreports/view/html-report/logs-view/testrunner-logs-view.ftl"
